{"C:\\Users\\Haroon\\Desktop\\torvalds\\lap2\\project2\\api\\controllers\\accountController.js": {"path":"C:\\Users\\Haroon\\Desktop\\torvalds\\lap2\\project2\\api\\controllers\\accountController.js","statementMap":{"0":{"start":{"line":1,"column":15},"end":{"line":1,"column":32}},"1":{"start":{"line":3,"column":14},"end":{"line":3,"column":45}},"2":{"start":{"line":4,"column":21},"end":{"line":4,"column":54}},"3":{"start":{"line":7,"column":2},"end":{"line":12,"column":3}},"4":{"start":{"line":8,"column":20},"end":{"line":8,"column":47}},"5":{"start":{"line":9,"column":4},"end":{"line":9,"column":34}},"6":{"start":{"line":11,"column":4},"end":{"line":11,"column":49}},"7":{"start":{"line":16,"column":2},"end":{"line":22,"column":3}},"8":{"start":{"line":17,"column":19},"end":{"line":17,"column":32}},"9":{"start":{"line":18,"column":20},"end":{"line":18,"column":57}},"10":{"start":{"line":19,"column":4},"end":{"line":19,"column":34}},"11":{"start":{"line":21,"column":4},"end":{"line":21,"column":49}},"12":{"start":{"line":26,"column":2},"end":{"line":32,"column":3}},"13":{"start":{"line":27,"column":17},"end":{"line":27,"column":25}},"14":{"start":{"line":28,"column":20},"end":{"line":28,"column":51}},"15":{"start":{"line":29,"column":4},"end":{"line":29,"column":34}},"16":{"start":{"line":31,"column":4},"end":{"line":31,"column":49}},"17":{"start":{"line":36,"column":2},"end":{"line":44,"column":3}},"18":{"start":{"line":37,"column":19},"end":{"line":37,"column":42}},"19":{"start":{"line":38,"column":17},"end":{"line":38,"column":25}},"20":{"start":{"line":39,"column":20},"end":{"line":39,"column":57}},"21":{"start":{"line":40,"column":19},"end":{"line":40,"column":45}},"22":{"start":{"line":41,"column":4},"end":{"line":41,"column":33}},"23":{"start":{"line":43,"column":4},"end":{"line":43,"column":49}},"24":{"start":{"line":48,"column":2},"end":{"line":55,"column":3}},"25":{"start":{"line":49,"column":19},"end":{"line":49,"column":42}},"26":{"start":{"line":50,"column":20},"end":{"line":50,"column":57}},"27":{"start":{"line":51,"column":19},"end":{"line":51,"column":42}},"28":{"start":{"line":52,"column":4},"end":{"line":52,"column":33}},"29":{"start":{"line":54,"column":4},"end":{"line":54,"column":49}},"30":{"start":{"line":59,"column":2},"end":{"line":71,"column":3}},"31":{"start":{"line":60,"column":17},"end":{"line":60,"column":25}},"32":{"start":{"line":62,"column":17},"end":{"line":62,"column":79}},"33":{"start":{"line":64,"column":4},"end":{"line":64,"column":65}},"34":{"start":{"line":66,"column":19},"end":{"line":66,"column":50}},"35":{"start":{"line":68,"column":4},"end":{"line":68,"column":33}},"36":{"start":{"line":70,"column":4},"end":{"line":70,"column":49}},"37":{"start":{"line":74,"column":15},"end":{"line":74,"column":23}},"38":{"start":{"line":75,"column":2},"end":{"line":88,"column":3}},"39":{"start":{"line":76,"column":17},"end":{"line":76,"column":67}},"40":{"start":{"line":78,"column":26},"end":{"line":78,"column":79}},"41":{"start":{"line":80,"column":4},"end":{"line":85,"column":5}},"42":{"start":{"line":81,"column":6},"end":{"line":81,"column":48}},"43":{"start":{"line":83,"column":20},"end":{"line":83,"column":52}},"44":{"start":{"line":84,"column":6},"end":{"line":84,"column":72}},"45":{"start":{"line":87,"column":4},"end":{"line":87,"column":49}},"46":{"start":{"line":91,"column":15},"end":{"line":91,"column":23}},"47":{"start":{"line":92,"column":2},"end":{"line":99,"column":3}},"48":{"start":{"line":93,"column":18},"end":{"line":93,"column":55}},"49":{"start":{"line":94,"column":4},"end":{"line":94,"column":50}},"50":{"start":{"line":94,"column":16},"end":{"line":94,"column":50}},"51":{"start":{"line":95,"column":19},"end":{"line":95,"column":40}},"52":{"start":{"line":96,"column":4},"end":{"line":96,"column":33}},"53":{"start":{"line":98,"column":4},"end":{"line":98,"column":49}},"54":{"start":{"line":102,"column":0},"end":{"line":110,"column":2}}},"fnMap":{"0":{"name":"index","decl":{"start":{"line":6,"column":15},"end":{"line":6,"column":20}},"loc":{"start":{"line":6,"column":31},"end":{"line":13,"column":1}},"line":6},"1":{"name":"show","decl":{"start":{"line":15,"column":15},"end":{"line":15,"column":19}},"loc":{"start":{"line":15,"column":30},"end":{"line":23,"column":1}},"line":15},"2":{"name":"create","decl":{"start":{"line":25,"column":15},"end":{"line":25,"column":21}},"loc":{"start":{"line":25,"column":32},"end":{"line":33,"column":1}},"line":25},"3":{"name":"update","decl":{"start":{"line":35,"column":15},"end":{"line":35,"column":21}},"loc":{"start":{"line":35,"column":32},"end":{"line":45,"column":1}},"line":35},"4":{"name":"destroy","decl":{"start":{"line":47,"column":15},"end":{"line":47,"column":22}},"loc":{"start":{"line":47,"column":33},"end":{"line":56,"column":1}},"line":47},"5":{"name":"register","decl":{"start":{"line":58,"column":15},"end":{"line":58,"column":23}},"loc":{"start":{"line":58,"column":34},"end":{"line":72,"column":1}},"line":58},"6":{"name":"login","decl":{"start":{"line":73,"column":15},"end":{"line":73,"column":20}},"loc":{"start":{"line":73,"column":31},"end":{"line":89,"column":1}},"line":73},"7":{"name":"logout","decl":{"start":{"line":90,"column":15},"end":{"line":90,"column":21}},"loc":{"start":{"line":90,"column":32},"end":{"line":100,"column":1}},"line":90}},"branchMap":{"0":{"loc":{"start":{"line":80,"column":4},"end":{"line":85,"column":5}},"type":"if","locations":[{"start":{"line":80,"column":4},"end":{"line":85,"column":5}},{"start":{"line":82,"column":11},"end":{"line":85,"column":5}}],"line":80},"1":{"loc":{"start":{"line":94,"column":4},"end":{"line":94,"column":50}},"type":"if","locations":[{"start":{"line":94,"column":4},"end":{"line":94,"column":50}},{"start":{},"end":{}}],"line":94}},"s":{"0":1,"1":1,"2":1,"3":1,"4":1,"5":1,"6":0,"7":1,"8":1,"9":1,"10":1,"11":0,"12":0,"13":0,"14":0,"15":0,"16":0,"17":1,"18":1,"19":1,"20":1,"21":1,"22":1,"23":0,"24":1,"25":1,"26":1,"27":1,"28":1,"29":0,"30":1,"31":1,"32":1,"33":1,"34":1,"35":1,"36":0,"37":0,"38":0,"39":0,"40":0,"41":0,"42":0,"43":0,"44":0,"45":0,"46":0,"47":0,"48":0,"49":0,"50":0,"51":0,"52":0,"53":0,"54":1},"f":{"0":1,"1":1,"2":0,"3":1,"4":1,"5":1,"6":0,"7":0},"b":{"0":[0,0],"1":[0,0]},"_coverageSchema":"1a1c01bbd47fc00a2c39e90264f33305004495a9","hash":"95fe22a9ff984bb4809dd281b5976bc349a18ec3"}
,"C:\\Users\\Haroon\\Desktop\\torvalds\\lap2\\project2\\api\\controllers\\postController.js": {"path":"C:\\Users\\Haroon\\Desktop\\torvalds\\lap2\\project2\\api\\controllers\\postController.js","statementMap":{"0":{"start":{"line":1,"column":13},"end":{"line":1,"column":46}},"1":{"start":{"line":4,"column":2},"end":{"line":9,"column":3}},"2":{"start":{"line":5,"column":18},"end":{"line":5,"column":37}},"3":{"start":{"line":6,"column":4},"end":{"line":6,"column":32}},"4":{"start":{"line":8,"column":4},"end":{"line":8,"column":49}},"5":{"start":{"line":13,"column":2},"end":{"line":19,"column":3}},"6":{"start":{"line":14,"column":15},"end":{"line":14,"column":38}},"7":{"start":{"line":15,"column":17},"end":{"line":15,"column":42}},"8":{"start":{"line":16,"column":4},"end":{"line":16,"column":31}},"9":{"start":{"line":18,"column":4},"end":{"line":18,"column":49}},"10":{"start":{"line":23,"column":2},"end":{"line":29,"column":3}},"11":{"start":{"line":24,"column":15},"end":{"line":24,"column":38}},"12":{"start":{"line":25,"column":17},"end":{"line":25,"column":42}},"13":{"start":{"line":26,"column":4},"end":{"line":26,"column":31}},"14":{"start":{"line":28,"column":4},"end":{"line":28,"column":49}},"15":{"start":{"line":33,"column":2},"end":{"line":40,"column":3}},"16":{"start":{"line":34,"column":17},"end":{"line":34,"column":25}},"17":{"start":{"line":35,"column":19},"end":{"line":35,"column":30}},"18":{"start":{"line":36,"column":17},"end":{"line":36,"column":48}},"19":{"start":{"line":37,"column":4},"end":{"line":37,"column":31}},"20":{"start":{"line":39,"column":4},"end":{"line":39,"column":49}},"21":{"start":{"line":44,"column":2},"end":{"line":52,"column":3}},"22":{"start":{"line":45,"column":15},"end":{"line":45,"column":38}},"23":{"start":{"line":46,"column":17},"end":{"line":46,"column":42}},"24":{"start":{"line":47,"column":17},"end":{"line":47,"column":25}},"25":{"start":{"line":48,"column":19},"end":{"line":48,"column":42}},"26":{"start":{"line":49,"column":4},"end":{"line":49,"column":33}},"27":{"start":{"line":51,"column":4},"end":{"line":51,"column":49}},"28":{"start":{"line":56,"column":2},"end":{"line":63,"column":3}},"29":{"start":{"line":57,"column":15},"end":{"line":57,"column":38}},"30":{"start":{"line":58,"column":17},"end":{"line":58,"column":42}},"31":{"start":{"line":59,"column":19},"end":{"line":59,"column":39}},"32":{"start":{"line":60,"column":4},"end":{"line":60,"column":33}},"33":{"start":{"line":62,"column":4},"end":{"line":62,"column":49}},"34":{"start":{"line":66,"column":2},"end":{"line":72,"column":3}},"35":{"start":{"line":67,"column":15},"end":{"line":67,"column":38}},"36":{"start":{"line":68,"column":19},"end":{"line":68,"column":48}},"37":{"start":{"line":69,"column":4},"end":{"line":69,"column":32}},"38":{"start":{"line":71,"column":4},"end":{"line":71,"column":49}},"39":{"start":{"line":76,"column":0},"end":{"line":76,"column":79}}},"fnMap":{"0":{"name":"index","decl":{"start":{"line":3,"column":15},"end":{"line":3,"column":20}},"loc":{"start":{"line":3,"column":31},"end":{"line":10,"column":1}},"line":3},"1":{"name":"show","decl":{"start":{"line":12,"column":15},"end":{"line":12,"column":19}},"loc":{"start":{"line":12,"column":30},"end":{"line":20,"column":1}},"line":12},"2":{"name":"getTop","decl":{"start":{"line":22,"column":15},"end":{"line":22,"column":21}},"loc":{"start":{"line":22,"column":32},"end":{"line":30,"column":1}},"line":22},"3":{"name":"create","decl":{"start":{"line":32,"column":15},"end":{"line":32,"column":21}},"loc":{"start":{"line":32,"column":32},"end":{"line":41,"column":1}},"line":32},"4":{"name":"update","decl":{"start":{"line":43,"column":15},"end":{"line":43,"column":21}},"loc":{"start":{"line":43,"column":32},"end":{"line":53,"column":1}},"line":43},"5":{"name":"destroy","decl":{"start":{"line":55,"column":15},"end":{"line":55,"column":22}},"loc":{"start":{"line":55,"column":33},"end":{"line":64,"column":1}},"line":55},"6":{"name":"getByUserId","decl":{"start":{"line":65,"column":15},"end":{"line":65,"column":26}},"loc":{"start":{"line":65,"column":37},"end":{"line":73,"column":3}},"line":65}},"branchMap":{},"s":{"0":1,"1":1,"2":1,"3":1,"4":0,"5":1,"6":1,"7":1,"8":1,"9":0,"10":0,"11":0,"12":0,"13":0,"14":0,"15":0,"16":0,"17":0,"18":0,"19":0,"20":0,"21":1,"22":1,"23":1,"24":1,"25":1,"26":1,"27":0,"28":1,"29":1,"30":1,"31":1,"32":0,"33":1,"34":0,"35":0,"36":0,"37":0,"38":0,"39":1},"f":{"0":1,"1":1,"2":0,"3":0,"4":1,"5":1,"6":0},"b":{},"_coverageSchema":"1a1c01bbd47fc00a2c39e90264f33305004495a9","hash":"0c0a4c9da6b76f93d82d3a78ad620ac13aca2745"}
,"C:\\Users\\Haroon\\Desktop\\torvalds\\lap2\\project2\\api\\controllers\\volunteerController.js": {"path":"C:\\Users\\Haroon\\Desktop\\torvalds\\lap2\\project2\\api\\controllers\\volunteerController.js","statementMap":{"0":{"start":{"line":2,"column":23},"end":{"line":2,"column":58}},"1":{"start":{"line":5,"column":4},"end":{"line":10,"column":5}},"2":{"start":{"line":6,"column":26},"end":{"line":6,"column":55}},"3":{"start":{"line":7,"column":8},"end":{"line":7,"column":40}},"4":{"start":{"line":9,"column":8},"end":{"line":9,"column":53}},"5":{"start":{"line":13,"column":2},"end":{"line":20,"column":3}},"6":{"start":{"line":14,"column":21},"end":{"line":14,"column":43}},"7":{"start":{"line":15,"column":19},"end":{"line":15,"column":41}},"8":{"start":{"line":16,"column":23},"end":{"line":16,"column":75}},"9":{"start":{"line":17,"column":4},"end":{"line":17,"column":37}},"10":{"start":{"line":19,"column":4},"end":{"line":19,"column":49}},"11":{"start":{"line":24,"column":4},"end":{"line":32,"column":5}},"12":{"start":{"line":26,"column":23},"end":{"line":26,"column":45}},"13":{"start":{"line":27,"column":21},"end":{"line":27,"column":43}},"14":{"start":{"line":28,"column":24},"end":{"line":28,"column":76}},"15":{"start":{"line":29,"column":6},"end":{"line":29,"column":38}},"16":{"start":{"line":31,"column":6},"end":{"line":31,"column":51}},"17":{"start":{"line":36,"column":4},"end":{"line":42,"column":5}},"18":{"start":{"line":37,"column":19},"end":{"line":37,"column":27}},"19":{"start":{"line":38,"column":24},"end":{"line":38,"column":57}},"20":{"start":{"line":39,"column":6},"end":{"line":39,"column":38}},"21":{"start":{"line":41,"column":6},"end":{"line":41,"column":51}},"22":{"start":{"line":46,"column":4},"end":{"line":54,"column":5}},"23":{"start":{"line":47,"column":23},"end":{"line":47,"column":46}},"24":{"start":{"line":48,"column":21},"end":{"line":48,"column":29}},"25":{"start":{"line":49,"column":26},"end":{"line":49,"column":81}},"26":{"start":{"line":50,"column":23},"end":{"line":50,"column":51}},"27":{"start":{"line":51,"column":8},"end":{"line":51,"column":37}},"28":{"start":{"line":53,"column":6},"end":{"line":53,"column":51}},"29":{"start":{"line":58,"column":4},"end":{"line":67,"column":5}},"30":{"start":{"line":59,"column":21},"end":{"line":59,"column":44}},"31":{"start":{"line":60,"column":24},"end":{"line":60,"column":79}},"32":{"start":{"line":62,"column":21},"end":{"line":62,"column":46}},"33":{"start":{"line":64,"column":6},"end":{"line":64,"column":35}},"34":{"start":{"line":66,"column":6},"end":{"line":66,"column":51}},"35":{"start":{"line":70,"column":0},"end":{"line":77,"column":2}}},"fnMap":{"0":{"name":"index","decl":{"start":{"line":4,"column":15},"end":{"line":4,"column":20}},"loc":{"start":{"line":4,"column":31},"end":{"line":11,"column":1}},"line":4},"1":{"name":"getByUserId","decl":{"start":{"line":12,"column":15},"end":{"line":12,"column":26}},"loc":{"start":{"line":12,"column":37},"end":{"line":21,"column":3}},"line":12},"2":{"name":"show","decl":{"start":{"line":23,"column":15},"end":{"line":23,"column":19}},"loc":{"start":{"line":23,"column":30},"end":{"line":33,"column":1}},"line":23},"3":{"name":"create","decl":{"start":{"line":35,"column":15},"end":{"line":35,"column":21}},"loc":{"start":{"line":35,"column":32},"end":{"line":43,"column":1}},"line":35},"4":{"name":"update","decl":{"start":{"line":45,"column":15},"end":{"line":45,"column":21}},"loc":{"start":{"line":45,"column":32},"end":{"line":55,"column":1}},"line":45},"5":{"name":"destroy","decl":{"start":{"line":57,"column":15},"end":{"line":57,"column":22}},"loc":{"start":{"line":57,"column":33},"end":{"line":68,"column":2}},"line":57}},"branchMap":{},"s":{"0":1,"1":0,"2":0,"3":0,"4":0,"5":0,"6":0,"7":0,"8":0,"9":0,"10":0,"11":3,"12":3,"13":3,"14":3,"15":3,"16":0,"17":0,"18":0,"19":0,"20":0,"21":0,"22":1,"23":1,"24":1,"25":1,"26":1,"27":1,"28":0,"29":1,"30":1,"31":1,"32":1,"33":1,"34":0,"35":1},"f":{"0":0,"1":0,"2":3,"3":0,"4":1,"5":1},"b":{},"_coverageSchema":"1a1c01bbd47fc00a2c39e90264f33305004495a9","hash":"449773811ad3ce9a1130c27194095d23e8c5f0e8"}
,"C:\\Users\\Haroon\\Desktop\\torvalds\\lap2\\project2\\api\\db\\connect.js": {"path":"C:\\Users\\Haroon\\Desktop\\torvalds\\lap2\\project2\\api\\db\\connect.js","statementMap":{"0":{"start":{"line":1,"column":17},"end":{"line":1,"column":30}},"1":{"start":{"line":3,"column":11},"end":{"line":3,"column":60}},"2":{"start":{"line":5,"column":0},"end":{"line":5,"column":20}}},"fnMap":{},"branchMap":{},"s":{"0":3,"1":3,"2":3},"f":{},"b":{},"_coverageSchema":"1a1c01bbd47fc00a2c39e90264f33305004495a9","hash":"aba827e93ec346ff2ce8b9fa75348ade29d272e2"}
,"C:\\Users\\Haroon\\Desktop\\torvalds\\lap2\\project2\\api\\middleware\\authenticator.js": {"path":"C:\\Users\\Haroon\\Desktop\\torvalds\\lap2\\project2\\api\\middleware\\authenticator.js","statementMap":{"0":{"start":{"line":1,"column":14},"end":{"line":1,"column":45}},"1":{"start":{"line":4,"column":2},"end":{"line":19,"column":3}},"2":{"start":{"line":5,"column":22},"end":{"line":5,"column":50}},"3":{"start":{"line":7,"column":4},"end":{"line":16,"column":5}},"4":{"start":{"line":8,"column":6},"end":{"line":8,"column":49}},"5":{"start":{"line":10,"column":25},"end":{"line":10,"column":61}},"6":{"start":{"line":11,"column":6},"end":{"line":13,"column":7}},"7":{"start":{"line":12,"column":8},"end":{"line":12,"column":50}},"8":{"start":{"line":14,"column":6},"end":{"line":14,"column":39}},"9":{"start":{"line":15,"column":6},"end":{"line":15,"column":13}},"10":{"start":{"line":18,"column":4},"end":{"line":18,"column":49}},"11":{"start":{"line":22,"column":0},"end":{"line":22,"column":31}}},"fnMap":{"0":{"name":"authenticator","decl":{"start":{"line":3,"column":15},"end":{"line":3,"column":28}},"loc":{"start":{"line":3,"column":45},"end":{"line":20,"column":1}},"line":3}},"branchMap":{"0":{"loc":{"start":{"line":7,"column":4},"end":{"line":16,"column":5}},"type":"if","locations":[{"start":{"line":7,"column":4},"end":{"line":16,"column":5}},{"start":{"line":9,"column":11},"end":{"line":16,"column":5}}],"line":7},"1":{"loc":{"start":{"line":11,"column":6},"end":{"line":13,"column":7}},"type":"if","locations":[{"start":{"line":11,"column":6},"end":{"line":13,"column":7}},{"start":{},"end":{}}],"line":11}},"s":{"0":1,"1":0,"2":0,"3":0,"4":0,"5":0,"6":0,"7":0,"8":0,"9":0,"10":0,"11":1},"f":{"0":0},"b":{"0":[0,0],"1":[0,0]},"_coverageSchema":"1a1c01bbd47fc00a2c39e90264f33305004495a9","hash":"a38d3a4c69bad66210b875e718de6e431019d3c5"}
,"C:\\Users\\Haroon\\Desktop\\torvalds\\lap2\\project2\\api\\models\\accountModel.js": {"path":"C:\\Users\\Haroon\\Desktop\\torvalds\\lap2\\project2\\api\\models\\accountModel.js","statementMap":{"0":{"start":{"line":1,"column":11},"end":{"line":1,"column":35}},"1":{"start":{"line":5,"column":4},"end":{"line":5,"column":27}},"2":{"start":{"line":6,"column":4},"end":{"line":6,"column":29}},"3":{"start":{"line":7,"column":4},"end":{"line":7,"column":23}},"4":{"start":{"line":8,"column":4},"end":{"line":8,"column":29}},"5":{"start":{"line":12,"column":21},"end":{"line":12,"column":61}},"6":{"start":{"line":13,"column":4},"end":{"line":15,"column":5}},"7":{"start":{"line":14,"column":6},"end":{"line":14,"column":51}},"8":{"start":{"line":16,"column":4},"end":{"line":16,"column":52}},"9":{"start":{"line":16,"column":36},"end":{"line":16,"column":50}},"10":{"start":{"line":20,"column":21},"end":{"line":23,"column":5}},"11":{"start":{"line":24,"column":4},"end":{"line":26,"column":5}},"12":{"start":{"line":25,"column":6},"end":{"line":25,"column":68}},"13":{"start":{"line":27,"column":4},"end":{"line":27,"column":41}},"14":{"start":{"line":31,"column":21},"end":{"line":34,"column":5}},"15":{"start":{"line":35,"column":4},"end":{"line":37,"column":5}},"16":{"start":{"line":36,"column":6},"end":{"line":36,"column":48}},"17":{"start":{"line":38,"column":4},"end":{"line":38,"column":41}},"18":{"start":{"line":42,"column":42},"end":{"line":42,"column":46}},"19":{"start":{"line":43,"column":19},"end":{"line":46,"column":5}},"20":{"start":{"line":47,"column":18},"end":{"line":47,"column":42}},"21":{"start":{"line":48,"column":20},"end":{"line":48,"column":51}},"22":{"start":{"line":49,"column":4},"end":{"line":49,"column":19}},"23":{"start":{"line":53,"column":42},"end":{"line":53,"column":46}},"24":{"start":{"line":54,"column":21},"end":{"line":57,"column":5}},"25":{"start":{"line":58,"column":4},"end":{"line":60,"column":5}},"26":{"start":{"line":59,"column":6},"end":{"line":59,"column":49}},"27":{"start":{"line":61,"column":4},"end":{"line":61,"column":41}},"28":{"start":{"line":65,"column":21},"end":{"line":68,"column":5}},"29":{"start":{"line":69,"column":4},"end":{"line":69,"column":41}},"30":{"start":{"line":73,"column":0},"end":{"line":73,"column":25}}},"fnMap":{"0":{"name":"(anonymous_0)","decl":{"start":{"line":4,"column":2},"end":{"line":4,"column":3}},"loc":{"start":{"line":4,"column":54},"end":{"line":9,"column":3}},"line":4},"1":{"name":"(anonymous_1)","decl":{"start":{"line":11,"column":2},"end":{"line":11,"column":3}},"loc":{"start":{"line":11,"column":24},"end":{"line":17,"column":3}},"line":11},"2":{"name":"(anonymous_2)","decl":{"start":{"line":16,"column":29},"end":{"line":16,"column":30}},"loc":{"start":{"line":16,"column":36},"end":{"line":16,"column":50}},"line":16},"3":{"name":"(anonymous_3)","decl":{"start":{"line":19,"column":2},"end":{"line":19,"column":3}},"loc":{"start":{"line":19,"column":30},"end":{"line":28,"column":3}},"line":19},"4":{"name":"(anonymous_4)","decl":{"start":{"line":30,"column":2},"end":{"line":30,"column":3}},"loc":{"start":{"line":30,"column":42},"end":{"line":39,"column":3}},"line":30},"5":{"name":"(anonymous_5)","decl":{"start":{"line":41,"column":2},"end":{"line":41,"column":3}},"loc":{"start":{"line":41,"column":28},"end":{"line":50,"column":3}},"line":41},"6":{"name":"(anonymous_6)","decl":{"start":{"line":52,"column":2},"end":{"line":52,"column":3}},"loc":{"start":{"line":52,"column":21},"end":{"line":62,"column":3}},"line":52},"7":{"name":"(anonymous_7)","decl":{"start":{"line":64,"column":2},"end":{"line":64,"column":3}},"loc":{"start":{"line":64,"column":18},"end":{"line":70,"column":3}},"line":64}},"branchMap":{"0":{"loc":{"start":{"line":13,"column":4},"end":{"line":15,"column":5}},"type":"if","locations":[{"start":{"line":13,"column":4},"end":{"line":15,"column":5}},{"start":{},"end":{}}],"line":13},"1":{"loc":{"start":{"line":24,"column":4},"end":{"line":26,"column":5}},"type":"if","locations":[{"start":{"line":24,"column":4},"end":{"line":26,"column":5}},{"start":{},"end":{}}],"line":24},"2":{"loc":{"start":{"line":35,"column":4},"end":{"line":37,"column":5}},"type":"if","locations":[{"start":{"line":35,"column":4},"end":{"line":37,"column":5}},{"start":{},"end":{}}],"line":35},"3":{"loc":{"start":{"line":58,"column":4},"end":{"line":60,"column":5}},"type":"if","locations":[{"start":{"line":58,"column":4},"end":{"line":60,"column":5}},{"start":{},"end":{}}],"line":58}},"s":{"0":1,"1":11,"2":11,"3":11,"4":11,"5":1,"6":1,"7":0,"8":1,"9":5,"10":4,"11":4,"12":0,"13":4,"14":0,"15":0,"16":0,"17":0,"18":1,"19":1,"20":1,"21":1,"22":1,"23":1,"24":1,"25":1,"26":0,"27":1,"28":1,"29":1,"30":1},"f":{"0":11,"1":1,"2":5,"3":4,"4":0,"5":1,"6":1,"7":1},"b":{"0":[0,1],"1":[0,4],"2":[0,0],"3":[0,1]},"_coverageSchema":"1a1c01bbd47fc00a2c39e90264f33305004495a9","hash":"46e1cb3797a590ba92f9017b7a29a4b658578d71"}
,"C:\\Users\\Haroon\\Desktop\\torvalds\\lap2\\project2\\api\\models\\postModel.js": {"path":"C:\\Users\\Haroon\\Desktop\\torvalds\\lap2\\project2\\api\\models\\postModel.js","statementMap":{"0":{"start":{"line":2,"column":11},"end":{"line":2,"column":35}},"1":{"start":{"line":14,"column":4},"end":{"line":14,"column":27}},"2":{"start":{"line":15,"column":4},"end":{"line":15,"column":23}},"3":{"start":{"line":16,"column":4},"end":{"line":16,"column":27}},"4":{"start":{"line":17,"column":4},"end":{"line":17,"column":29}},"5":{"start":{"line":18,"column":4},"end":{"line":18,"column":23}},"6":{"start":{"line":19,"column":4},"end":{"line":19,"column":37}},"7":{"start":{"line":20,"column":4},"end":{"line":20,"column":27}},"8":{"start":{"line":25,"column":21},"end":{"line":25,"column":57}},"9":{"start":{"line":26,"column":4},"end":{"line":28,"column":5}},"10":{"start":{"line":27,"column":6},"end":{"line":27,"column":44}},"11":{"start":{"line":29,"column":4},"end":{"line":29,"column":49}},"12":{"start":{"line":29,"column":36},"end":{"line":29,"column":47}},"13":{"start":{"line":33,"column":21},"end":{"line":35,"column":5}},"14":{"start":{"line":36,"column":4},"end":{"line":38,"column":5}},"15":{"start":{"line":37,"column":6},"end":{"line":37,"column":48}},"16":{"start":{"line":39,"column":4},"end":{"line":39,"column":38}},"17":{"start":{"line":43,"column":21},"end":{"line":45,"column":6}},"18":{"start":{"line":46,"column":4},"end":{"line":48,"column":5}},"19":{"start":{"line":47,"column":6},"end":{"line":47,"column":48}},"20":{"start":{"line":49,"column":4},"end":{"line":49,"column":38}},"21":{"start":{"line":53,"column":21},"end":{"line":55,"column":5}},"22":{"start":{"line":56,"column":4},"end":{"line":58,"column":7}},"23":{"start":{"line":57,"column":8},"end":{"line":57,"column":46}},"24":{"start":{"line":59,"column":6},"end":{"line":59,"column":51}},"25":{"start":{"line":59,"column":38},"end":{"line":59,"column":49}},"26":{"start":{"line":62,"column":40},"end":{"line":62,"column":44}},"27":{"start":{"line":63,"column":21},"end":{"line":66,"column":5}},"28":{"start":{"line":68,"column":4},"end":{"line":68,"column":28}},"29":{"start":{"line":72,"column":25},"end":{"line":73,"column":54}},"30":{"start":{"line":74,"column":8},"end":{"line":76,"column":9}},"31":{"start":{"line":75,"column":12},"end":{"line":75,"column":54}},"32":{"start":{"line":77,"column":7},"end":{"line":77,"column":41}},"33":{"start":{"line":81,"column":23},"end":{"line":81,"column":105}},"34":{"start":{"line":82,"column":8},"end":{"line":82,"column":42}},"35":{"start":{"line":86,"column":0},"end":{"line":86,"column":22}}},"fnMap":{"0":{"name":"(anonymous_0)","decl":{"start":{"line":5,"column":2},"end":{"line":5,"column":3}},"loc":{"start":{"line":13,"column":5},"end":{"line":21,"column":3}},"line":13},"1":{"name":"(anonymous_1)","decl":{"start":{"line":24,"column":2},"end":{"line":24,"column":3}},"loc":{"start":{"line":24,"column":24},"end":{"line":30,"column":3}},"line":24},"2":{"name":"(anonymous_2)","decl":{"start":{"line":29,"column":29},"end":{"line":29,"column":30}},"loc":{"start":{"line":29,"column":36},"end":{"line":29,"column":47}},"line":29},"3":{"name":"(anonymous_3)","decl":{"start":{"line":32,"column":2},"end":{"line":32,"column":3}},"loc":{"start":{"line":32,"column":28},"end":{"line":40,"column":3}},"line":32},"4":{"name":"(anonymous_4)","decl":{"start":{"line":42,"column":2},"end":{"line":42,"column":3}},"loc":{"start":{"line":42,"column":30},"end":{"line":50,"column":3}},"line":42},"5":{"name":"(anonymous_5)","decl":{"start":{"line":52,"column":2},"end":{"line":52,"column":3}},"loc":{"start":{"line":52,"column":34},"end":{"line":60,"column":3}},"line":52},"6":{"name":"(anonymous_6)","decl":{"start":{"line":59,"column":31},"end":{"line":59,"column":32}},"loc":{"start":{"line":59,"column":38},"end":{"line":59,"column":49}},"line":59},"7":{"name":"(anonymous_7)","decl":{"start":{"line":61,"column":2},"end":{"line":61,"column":3}},"loc":{"start":{"line":61,"column":36},"end":{"line":69,"column":3}},"line":61},"8":{"name":"(anonymous_8)","decl":{"start":{"line":71,"column":4},"end":{"line":71,"column":5}},"loc":{"start":{"line":71,"column":23},"end":{"line":78,"column":3}},"line":71},"9":{"name":"(anonymous_9)","decl":{"start":{"line":80,"column":4},"end":{"line":80,"column":5}},"loc":{"start":{"line":80,"column":20},"end":{"line":83,"column":5}},"line":80}},"branchMap":{"0":{"loc":{"start":{"line":26,"column":4},"end":{"line":28,"column":5}},"type":"if","locations":[{"start":{"line":26,"column":4},"end":{"line":28,"column":5}},{"start":{},"end":{}}],"line":26},"1":{"loc":{"start":{"line":36,"column":4},"end":{"line":38,"column":5}},"type":"if","locations":[{"start":{"line":36,"column":4},"end":{"line":38,"column":5}},{"start":{},"end":{}}],"line":36},"2":{"loc":{"start":{"line":46,"column":4},"end":{"line":48,"column":5}},"type":"if","locations":[{"start":{"line":46,"column":4},"end":{"line":48,"column":5}},{"start":{},"end":{}}],"line":46},"3":{"loc":{"start":{"line":56,"column":4},"end":{"line":58,"column":7}},"type":"if","locations":[{"start":{"line":56,"column":4},"end":{"line":58,"column":7}},{"start":{},"end":{}}],"line":56},"4":{"loc":{"start":{"line":74,"column":8},"end":{"line":76,"column":9}},"type":"if","locations":[{"start":{"line":74,"column":8},"end":{"line":76,"column":9}},{"start":{},"end":{}}],"line":74}},"s":{"0":2,"1":15,"2":15,"3":15,"4":15,"5":15,"6":15,"7":15,"8":1,"9":1,"10":0,"11":1,"12":5,"13":0,"14":0,"15":0,"16":0,"17":3,"18":3,"19":0,"20":3,"21":0,"22":0,"23":0,"24":0,"25":0,"26":0,"27":0,"28":0,"29":1,"30":1,"31":0,"32":1,"33":1,"34":0,"35":2},"f":{"0":15,"1":1,"2":5,"3":0,"4":3,"5":0,"6":0,"7":0,"8":1,"9":1},"b":{"0":[0,1],"1":[0,0],"2":[0,3],"3":[0,0],"4":[0,1]},"_coverageSchema":"1a1c01bbd47fc00a2c39e90264f33305004495a9","hash":"5b7585ad8d2a863ecbcfeb43067affb61f245bda"}
,"C:\\Users\\Haroon\\Desktop\\torvalds\\lap2\\project2\\api\\models\\tokenModel.js": {"path":"C:\\Users\\Haroon\\Desktop\\torvalds\\lap2\\project2\\api\\models\\tokenModel.js","statementMap":{"0":{"start":{"line":1,"column":23},"end":{"line":1,"column":38}},"1":{"start":{"line":3,"column":11},"end":{"line":3,"column":35}},"2":{"start":{"line":8,"column":8},"end":{"line":8,"column":33}},"3":{"start":{"line":9,"column":8},"end":{"line":9,"column":31}},"4":{"start":{"line":10,"column":8},"end":{"line":10,"column":27}},"5":{"start":{"line":14,"column":22},"end":{"line":14,"column":30}},"6":{"start":{"line":15,"column":25},"end":{"line":16,"column":29}},"7":{"start":{"line":17,"column":22},"end":{"line":17,"column":47}},"8":{"start":{"line":18,"column":25},"end":{"line":18,"column":54}},"9":{"start":{"line":19,"column":8},"end":{"line":19,"column":24}},"10":{"start":{"line":23,"column":25},"end":{"line":23,"column":88}},"11":{"start":{"line":24,"column":8},"end":{"line":28,"column":9}},"12":{"start":{"line":25,"column":12},"end":{"line":25,"column":55}},"13":{"start":{"line":27,"column":12},"end":{"line":27,"column":47}},"14":{"start":{"line":31,"column":25},"end":{"line":31,"column":88}},"15":{"start":{"line":32,"column":8},"end":{"line":36,"column":9}},"16":{"start":{"line":33,"column":12},"end":{"line":33,"column":55}},"17":{"start":{"line":35,"column":12},"end":{"line":35,"column":47}},"18":{"start":{"line":40,"column":25},"end":{"line":40,"column":88}},"19":{"start":{"line":41,"column":8},"end":{"line":45,"column":9}},"20":{"start":{"line":42,"column":12},"end":{"line":42,"column":55}},"21":{"start":{"line":44,"column":12},"end":{"line":44,"column":47}},"22":{"start":{"line":49,"column":25},"end":{"line":52,"column":9}},"23":{"start":{"line":53,"column":8},"end":{"line":53,"column":78}},"24":{"start":{"line":53,"column":35},"end":{"line":53,"column":78}},"25":{"start":{"line":54,"column":8},"end":{"line":54,"column":24}},"26":{"start":{"line":59,"column":0},"end":{"line":59,"column":23}}},"fnMap":{"0":{"name":"(anonymous_0)","decl":{"start":{"line":7,"column":4},"end":{"line":7,"column":5}},"loc":{"start":{"line":7,"column":45},"end":{"line":11,"column":5}},"line":7},"1":{"name":"(anonymous_1)","decl":{"start":{"line":13,"column":4},"end":{"line":13,"column":5}},"loc":{"start":{"line":13,"column":33},"end":{"line":20,"column":5}},"line":13},"2":{"name":"(anonymous_2)","decl":{"start":{"line":22,"column":4},"end":{"line":22,"column":5}},"loc":{"start":{"line":22,"column":32},"end":{"line":29,"column":5}},"line":22},"3":{"name":"(anonymous_3)","decl":{"start":{"line":30,"column":4},"end":{"line":30,"column":5}},"loc":{"start":{"line":30,"column":38},"end":{"line":37,"column":5}},"line":30},"4":{"name":"(anonymous_4)","decl":{"start":{"line":39,"column":4},"end":{"line":39,"column":5}},"loc":{"start":{"line":39,"column":41},"end":{"line":46,"column":5}},"line":39},"5":{"name":"(anonymous_5)","decl":{"start":{"line":48,"column":4},"end":{"line":48,"column":5}},"loc":{"start":{"line":48,"column":20},"end":{"line":55,"column":5}},"line":48}},"branchMap":{"0":{"loc":{"start":{"line":24,"column":8},"end":{"line":28,"column":9}},"type":"if","locations":[{"start":{"line":24,"column":8},"end":{"line":28,"column":9}},{"start":{"line":26,"column":15},"end":{"line":28,"column":9}}],"line":24},"1":{"loc":{"start":{"line":32,"column":8},"end":{"line":36,"column":9}},"type":"if","locations":[{"start":{"line":32,"column":8},"end":{"line":36,"column":9}},{"start":{"line":34,"column":15},"end":{"line":36,"column":9}}],"line":32},"2":{"loc":{"start":{"line":41,"column":8},"end":{"line":45,"column":9}},"type":"if","locations":[{"start":{"line":41,"column":8},"end":{"line":45,"column":9}},{"start":{"line":43,"column":15},"end":{"line":45,"column":9}}],"line":41},"3":{"loc":{"start":{"line":53,"column":8},"end":{"line":53,"column":78}},"type":"if","locations":[{"start":{"line":53,"column":8},"end":{"line":53,"column":78}},{"start":{},"end":{}}],"line":53}},"s":{"0":2,"1":2,"2":0,"3":0,"4":0,"5":0,"6":0,"7":0,"8":0,"9":0,"10":0,"11":0,"12":0,"13":0,"14":0,"15":0,"16":0,"17":0,"18":0,"19":0,"20":0,"21":0,"22":0,"23":0,"24":0,"25":0,"26":2},"f":{"0":0,"1":0,"2":0,"3":0,"4":0,"5":0},"b":{"0":[0,0],"1":[0,0],"2":[0,0],"3":[0,0]},"_coverageSchema":"1a1c01bbd47fc00a2c39e90264f33305004495a9","hash":"986c7b8266b1d1b8f03be7af5cbc1d30f1490002"}
,"C:\\Users\\Haroon\\Desktop\\torvalds\\lap2\\project2\\api\\models\\volunteerModel.js": {"path":"C:\\Users\\Haroon\\Desktop\\torvalds\\lap2\\project2\\api\\models\\volunteerModel.js","statementMap":{"0":{"start":{"line":1,"column":11},"end":{"line":1,"column":35}},"1":{"start":{"line":2,"column":13},"end":{"line":2,"column":35}},"2":{"start":{"line":5,"column":8},"end":{"line":5,"column":41}},"3":{"start":{"line":6,"column":8},"end":{"line":6,"column":31}},"4":{"start":{"line":7,"column":8},"end":{"line":7,"column":31}},"5":{"start":{"line":11,"column":25},"end":{"line":11,"column":67}},"6":{"start":{"line":12,"column":8},"end":{"line":14,"column":9}},"7":{"start":{"line":13,"column":12},"end":{"line":13,"column":59}},"8":{"start":{"line":15,"column":8},"end":{"line":15,"column":56}},"9":{"start":{"line":15,"column":38},"end":{"line":15,"column":54}},"10":{"start":{"line":20,"column":8},"end":{"line":29,"column":9}},"11":{"start":{"line":21,"column":12},"end":{"line":21,"column":96}},"12":{"start":{"line":22,"column":12},"end":{"line":22,"column":51}},"13":{"start":{"line":23,"column":15},"end":{"line":29,"column":9}},"14":{"start":{"line":24,"column":12},"end":{"line":24,"column":156}},"15":{"start":{"line":25,"column":15},"end":{"line":29,"column":9}},"16":{"start":{"line":26,"column":12},"end":{"line":26,"column":156}},"17":{"start":{"line":28,"column":12},"end":{"line":28,"column":55}},"18":{"start":{"line":30,"column":8},"end":{"line":32,"column":9}},"19":{"start":{"line":31,"column":12},"end":{"line":31,"column":76}},"20":{"start":{"line":33,"column":18},"end":{"line":33,"column":20}},"21":{"start":{"line":34,"column":8},"end":{"line":40,"column":9}},"22":{"start":{"line":35,"column":12},"end":{"line":39,"column":15}},"23":{"start":{"line":36,"column":32},"end":{"line":36,"column":43}},"24":{"start":{"line":37,"column":16},"end":{"line":37,"column":53}},"25":{"start":{"line":38,"column":16},"end":{"line":38,"column":33}},"26":{"start":{"line":41,"column":8},"end":{"line":41,"column":19}},"27":{"start":{"line":45,"column":37},"end":{"line":45,"column":41}},"28":{"start":{"line":46,"column":23},"end":{"line":47,"column":31}},"29":{"start":{"line":48,"column":8},"end":{"line":48,"column":56}},"30":{"start":{"line":48,"column":38},"end":{"line":48,"column":54}},"31":{"start":{"line":52,"column":37},"end":{"line":52,"column":41}},"32":{"start":{"line":53,"column":25},"end":{"line":54,"column":50}},"33":{"start":{"line":55,"column":8},"end":{"line":57,"column":9}},"34":{"start":{"line":56,"column":12},"end":{"line":56,"column":62}},"35":{"start":{"line":58,"column":8},"end":{"line":58,"column":47}},"36":{"start":{"line":62,"column":23},"end":{"line":63,"column":32}},"37":{"start":{"line":64,"column":8},"end":{"line":64,"column":47}},"38":{"start":{"line":68,"column":0},"end":{"line":68,"column":27}}},"fnMap":{"0":{"name":"(anonymous_0)","decl":{"start":{"line":4,"column":4},"end":{"line":4,"column":5}},"loc":{"start":{"line":4,"column":50},"end":{"line":8,"column":5}},"line":4},"1":{"name":"(anonymous_1)","decl":{"start":{"line":10,"column":4},"end":{"line":10,"column":5}},"loc":{"start":{"line":10,"column":26},"end":{"line":16,"column":5}},"line":10},"2":{"name":"(anonymous_2)","decl":{"start":{"line":15,"column":33},"end":{"line":15,"column":34}},"loc":{"start":{"line":15,"column":38},"end":{"line":15,"column":54}},"line":15},"3":{"name":"(anonymous_3)","decl":{"start":{"line":18,"column":4},"end":{"line":18,"column":5}},"loc":{"start":{"line":18,"column":43},"end":{"line":42,"column":5}},"line":18},"4":{"name":"(anonymous_4)","decl":{"start":{"line":35,"column":30},"end":{"line":35,"column":31}},"loc":{"start":{"line":35,"column":35},"end":{"line":39,"column":13}},"line":35},"5":{"name":"(anonymous_5)","decl":{"start":{"line":44,"column":4},"end":{"line":44,"column":5}},"loc":{"start":{"line":44,"column":30},"end":{"line":49,"column":5}},"line":44},"6":{"name":"(anonymous_6)","decl":{"start":{"line":48,"column":33},"end":{"line":48,"column":34}},"loc":{"start":{"line":48,"column":38},"end":{"line":48,"column":54}},"line":48},"7":{"name":"(anonymous_7)","decl":{"start":{"line":51,"column":4},"end":{"line":51,"column":5}},"loc":{"start":{"line":51,"column":23},"end":{"line":59,"column":5}},"line":51},"8":{"name":"(anonymous_8)","decl":{"start":{"line":61,"column":4},"end":{"line":61,"column":5}},"loc":{"start":{"line":61,"column":20},"end":{"line":65,"column":5}},"line":61}},"branchMap":{"0":{"loc":{"start":{"line":12,"column":8},"end":{"line":14,"column":9}},"type":"if","locations":[{"start":{"line":12,"column":8},"end":{"line":14,"column":9}},{"start":{},"end":{}}],"line":12},"1":{"loc":{"start":{"line":20,"column":8},"end":{"line":29,"column":9}},"type":"if","locations":[{"start":{"line":20,"column":8},"end":{"line":29,"column":9}},{"start":{"line":23,"column":15},"end":{"line":29,"column":9}}],"line":20},"2":{"loc":{"start":{"line":23,"column":15},"end":{"line":29,"column":9}},"type":"if","locations":[{"start":{"line":23,"column":15},"end":{"line":29,"column":9}},{"start":{"line":25,"column":15},"end":{"line":29,"column":9}}],"line":23},"3":{"loc":{"start":{"line":25,"column":15},"end":{"line":29,"column":9}},"type":"if","locations":[{"start":{"line":25,"column":15},"end":{"line":29,"column":9}},{"start":{"line":27,"column":15},"end":{"line":29,"column":9}}],"line":25},"4":{"loc":{"start":{"line":30,"column":8},"end":{"line":32,"column":9}},"type":"if","locations":[{"start":{"line":30,"column":8},"end":{"line":32,"column":9}},{"start":{},"end":{}}],"line":30},"5":{"loc":{"start":{"line":34,"column":8},"end":{"line":40,"column":9}},"type":"if","locations":[{"start":{"line":34,"column":8},"end":{"line":40,"column":9}},{"start":{},"end":{}}],"line":34},"6":{"loc":{"start":{"line":55,"column":8},"end":{"line":57,"column":9}},"type":"if","locations":[{"start":{"line":55,"column":8},"end":{"line":57,"column":9}},{"start":{},"end":{}}],"line":55}},"s":{"0":1,"1":1,"2":5,"3":5,"4":5,"5":0,"6":0,"7":0,"8":0,"9":0,"10":5,"11":3,"12":3,"13":2,"14":1,"15":1,"16":1,"17":0,"18":2,"19":0,"20":2,"21":2,"22":2,"23":6,"24":6,"25":6,"26":2,"27":0,"28":0,"29":0,"30":0,"31":1,"32":1,"33":1,"34":0,"35":1,"36":1,"37":1,"38":1},"f":{"0":5,"1":0,"2":0,"3":5,"4":6,"5":0,"6":0,"7":1,"8":1},"b":{"0":[0,0],"1":[3,2],"2":[1,1],"3":[1,0],"4":[0,2],"5":[2,0],"6":[0,1]},"_coverageSchema":"1a1c01bbd47fc00a2c39e90264f33305004495a9","hash":"b4dea81a5f089a76ed359b0540af0c11691bf603"}
,"C:\\Users\\Haroon\\Desktop\\torvalds\\lap2\\project2\\api\\routes\\accountRoute.js": {"path":"C:\\Users\\Haroon\\Desktop\\torvalds\\lap2\\project2\\api\\routes\\accountRoute.js","statementMap":{"0":{"start":{"line":1,"column":19},"end":{"line":1,"column":37}},"1":{"start":{"line":3,"column":26},"end":{"line":3,"column":69}},"2":{"start":{"line":5,"column":21},"end":{"line":5,"column":29}},"3":{"start":{"line":7,"column":0},"end":{"line":7,"column":47}},"4":{"start":{"line":8,"column":0},"end":{"line":8,"column":49}},"5":{"start":{"line":9,"column":0},"end":{"line":9,"column":53}},"6":{"start":{"line":10,"column":0},"end":{"line":10,"column":55}},"7":{"start":{"line":12,"column":0},"end":{"line":12,"column":59}},"8":{"start":{"line":13,"column":0},"end":{"line":13,"column":53}},"9":{"start":{"line":14,"column":0},"end":{"line":14,"column":55}},"10":{"start":{"line":16,"column":0},"end":{"line":16,"column":30}}},"fnMap":{},"branchMap":{},"s":{"0":1,"1":1,"2":1,"3":1,"4":1,"5":1,"6":1,"7":1,"8":1,"9":1,"10":1},"f":{},"b":{},"_coverageSchema":"1a1c01bbd47fc00a2c39e90264f33305004495a9","hash":"60a866d2468ea509df7b821927e826ee3e98b7a3"}
,"C:\\Users\\Haroon\\Desktop\\torvalds\\lap2\\project2\\api\\routes\\postRoutes.js": {"path":"C:\\Users\\Haroon\\Desktop\\torvalds\\lap2\\project2\\api\\routes\\postRoutes.js","statementMap":{"0":{"start":{"line":1,"column":19},"end":{"line":1,"column":37}},"1":{"start":{"line":4,"column":23},"end":{"line":4,"column":63}},"2":{"start":{"line":5,"column":22},"end":{"line":5,"column":60}},"3":{"start":{"line":8,"column":19},"end":{"line":8,"column":27}},"4":{"start":{"line":10,"column":0},"end":{"line":10,"column":42}},"5":{"start":{"line":11,"column":0},"end":{"line":11,"column":46}},"6":{"start":{"line":12,"column":0},"end":{"line":12,"column":44}},"7":{"start":{"line":13,"column":0},"end":{"line":13,"column":56}},"8":{"start":{"line":14,"column":0},"end":{"line":14,"column":58}},"9":{"start":{"line":15,"column":0},"end":{"line":15,"column":50}},"10":{"start":{"line":16,"column":0},"end":{"line":16,"column":48}},"11":{"start":{"line":18,"column":0},"end":{"line":18,"column":28}}},"fnMap":{},"branchMap":{},"s":{"0":1,"1":1,"2":1,"3":1,"4":1,"5":1,"6":1,"7":1,"8":1,"9":1,"10":1,"11":1},"f":{},"b":{},"_coverageSchema":"1a1c01bbd47fc00a2c39e90264f33305004495a9","hash":"c909aaff5e0e44c9c7776f16f4ba1786fac410c9"}
,"C:\\Users\\Haroon\\Desktop\\torvalds\\lap2\\project2\\api\\routes\\volunteerRoute.js": {"path":"C:\\Users\\Haroon\\Desktop\\torvalds\\lap2\\project2\\api\\routes\\volunteerRoute.js","statementMap":{"0":{"start":{"line":1,"column":19},"end":{"line":1,"column":37}},"1":{"start":{"line":3,"column":28},"end":{"line":3,"column":73}},"2":{"start":{"line":5,"column":23},"end":{"line":5,"column":31}},"3":{"start":{"line":7,"column":0},"end":{"line":7,"column":52}},"4":{"start":{"line":8,"column":0},"end":{"line":8,"column":50}},"5":{"start":{"line":9,"column":0},"end":{"line":9,"column":53}},"6":{"start":{"line":10,"column":0},"end":{"line":10,"column":57}},"7":{"start":{"line":11,"column":0},"end":{"line":11,"column":59}},"8":{"start":{"line":14,"column":0},"end":{"line":14,"column":32}}},"fnMap":{},"branchMap":{},"s":{"0":1,"1":1,"2":1,"3":1,"4":1,"5":1,"6":1,"7":1,"8":1},"f":{},"b":{},"_coverageSchema":"1a1c01bbd47fc00a2c39e90264f33305004495a9","hash":"29eabb6b5844bd54704aaafa6fca8199db2e9373"}
}
