TN:
SF:controllers\accountController.js
FN:6,index
FN:15,show
FN:25,create
FN:35,update
FN:47,destroy
FN:58,register
FN:73,login
FN:90,logout
FNF:8
FNH:5
FNDA:1,index
FNDA:1,show
FNDA:0,create
FNDA:1,update
FNDA:1,destroy
FNDA:1,register
FNDA:0,login
FNDA:0,logout
DA:1,1
DA:3,1
DA:4,1
DA:7,1
DA:8,1
DA:9,1
DA:11,0
DA:16,1
DA:17,1
DA:18,1
DA:19,1
DA:21,0
DA:26,0
DA:27,0
DA:28,0
DA:29,0
DA:31,0
DA:36,1
DA:37,1
DA:38,1
DA:39,1
DA:40,1
DA:41,1
DA:43,0
DA:48,1
DA:49,1
DA:50,1
DA:51,1
DA:52,1
DA:54,0
DA:59,1
DA:60,1
DA:62,1
DA:64,1
DA:66,1
DA:68,1
DA:70,0
DA:74,0
DA:75,0
DA:76,0
DA:78,0
DA:80,0
DA:81,0
DA:83,0
DA:84,0
DA:87,0
DA:91,0
DA:92,0
DA:93,0
DA:94,0
DA:95,0
DA:96,0
DA:98,0
DA:102,1
LF:54
LH:28
BRDA:80,0,0,0
BRDA:80,0,1,0
BRDA:94,1,0,0
BRDA:94,1,1,0
BRF:4
BRH:0
end_of_record
TN:
SF:controllers\postController.js
FN:3,index
FN:12,show
FN:22,getTop
FN:32,create
FN:43,update
FN:55,destroy
FN:65,getByUserId
FNF:7
FNH:4
FNDA:1,index
FNDA:1,show
FNDA:0,getTop
FNDA:0,create
FNDA:1,update
FNDA:1,destroy
FNDA:0,getByUserId
DA:1,1
DA:4,1
DA:5,1
DA:6,1
DA:8,0
DA:13,1
DA:14,1
DA:15,1
DA:16,1
DA:18,0
DA:23,0
DA:24,0
DA:25,0
DA:26,0
DA:28,0
DA:33,0
DA:34,0
DA:35,0
DA:36,0
DA:37,0
DA:39,0
DA:44,1
DA:45,1
DA:46,1
DA:47,1
DA:48,1
DA:49,1
DA:51,0
DA:56,1
DA:57,1
DA:58,1
DA:59,1
DA:60,0
DA:62,1
DA:66,0
DA:67,0
DA:68,0
DA:69,0
DA:71,0
DA:76,1
LF:40
LH:20
BRF:0
BRH:0
end_of_record
TN:
SF:controllers\volunteerController.js
FN:4,index
FN:12,getByUserId
FN:23,show
FN:35,create
FN:45,update
FN:57,destroy
FNF:6
FNH:3
FNDA:0,index
FNDA:0,getByUserId
FNDA:3,show
FNDA:0,create
FNDA:1,update
FNDA:1,destroy
DA:2,1
DA:5,0
DA:6,0
DA:7,0
DA:9,0
DA:13,0
DA:14,0
DA:15,0
DA:16,0
DA:17,0
DA:19,0
DA:24,3
DA:26,3
DA:27,3
DA:28,3
DA:29,3
DA:31,0
DA:36,0
DA:37,0
DA:38,0
DA:39,0
DA:41,0
DA:46,1
DA:47,1
DA:48,1
DA:49,1
DA:50,1
DA:51,1
DA:53,0
DA:58,1
DA:59,1
DA:60,1
DA:62,1
DA:64,1
DA:66,0
DA:70,1
LF:36
LH:18
BRF:0
BRH:0
end_of_record
TN:
SF:db\connect.js
FNF:0
FNH:0
DA:1,3
DA:3,3
DA:5,3
LF:3
LH:3
BRF:0
BRH:0
end_of_record
TN:
SF:middleware\authenticator.js
FN:3,authenticator
FNF:1
FNH:0
FNDA:0,authenticator
DA:1,1
DA:4,0
DA:5,0
DA:7,0
DA:8,0
DA:10,0
DA:11,0
DA:12,0
DA:14,0
DA:15,0
DA:18,0
DA:22,1
LF:12
LH:2
BRDA:7,0,0,0
BRDA:7,0,1,0
BRDA:11,1,0,0
BRDA:11,1,1,0
BRF:4
BRH:0
end_of_record
TN:
SF:models\accountModel.js
FN:4,(anonymous_0)
FN:11,(anonymous_1)
FN:16,(anonymous_2)
FN:19,(anonymous_3)
FN:30,(anonymous_4)
FN:41,(anonymous_5)
FN:52,(anonymous_6)
FN:64,(anonymous_7)
FNF:8
FNH:7
FNDA:11,(anonymous_0)
FNDA:1,(anonymous_1)
FNDA:5,(anonymous_2)
FNDA:4,(anonymous_3)
FNDA:0,(anonymous_4)
FNDA:1,(anonymous_5)
FNDA:1,(anonymous_6)
FNDA:1,(anonymous_7)
DA:1,1
DA:5,11
DA:6,11
DA:7,11
DA:8,11
DA:12,1
DA:13,1
DA:14,0
DA:16,5
DA:20,4
DA:24,4
DA:25,0
DA:27,4
DA:31,0
DA:35,0
DA:36,0
DA:38,0
DA:42,1
DA:43,1
DA:47,1
DA:48,1
DA:49,1
DA:53,1
DA:54,1
DA:58,1
DA:59,0
DA:61,1
DA:65,1
DA:69,1
DA:73,1
LF:30
LH:23
BRDA:13,0,0,0
BRDA:13,0,1,1
BRDA:24,1,0,0
BRDA:24,1,1,4
BRDA:35,2,0,0
BRDA:35,2,1,0
BRDA:58,3,0,0
BRDA:58,3,1,1
BRF:8
BRH:3
end_of_record
TN:
SF:models\postModel.js
FN:5,(anonymous_0)
FN:24,(anonymous_1)
FN:29,(anonymous_2)
FN:32,(anonymous_3)
FN:42,(anonymous_4)
FN:52,(anonymous_5)
FN:59,(anonymous_6)
FN:61,(anonymous_7)
FN:71,(anonymous_8)
FN:80,(anonymous_9)
FNF:10
FNH:6
FNDA:15,(anonymous_0)
FNDA:1,(anonymous_1)
FNDA:5,(anonymous_2)
FNDA:0,(anonymous_3)
FNDA:3,(anonymous_4)
FNDA:0,(anonymous_5)
FNDA:0,(anonymous_6)
FNDA:0,(anonymous_7)
FNDA:1,(anonymous_8)
FNDA:1,(anonymous_9)
DA:2,2
DA:14,15
DA:15,15
DA:16,15
DA:17,15
DA:18,15
DA:19,15
DA:20,15
DA:25,1
DA:26,1
DA:27,0
DA:29,5
DA:33,0
DA:36,0
DA:37,0
DA:39,0
DA:43,3
DA:46,3
DA:47,0
DA:49,3
DA:53,0
DA:56,0
DA:57,0
DA:59,0
DA:62,0
DA:63,0
DA:68,0
DA:72,1
DA:74,1
DA:75,0
DA:77,1
DA:81,1
DA:82,0
DA:86,2
LF:34
LH:19
BRDA:26,0,0,0
BRDA:26,0,1,1
BRDA:36,1,0,0
BRDA:36,1,1,0
BRDA:46,2,0,0
BRDA:46,2,1,3
BRDA:56,3,0,0
BRDA:56,3,1,0
BRDA:74,4,0,0
BRDA:74,4,1,1
BRF:10
BRH:3
end_of_record
TN:
SF:models\tokenModel.js
FN:7,(anonymous_0)
FN:13,(anonymous_1)
FN:22,(anonymous_2)
FN:30,(anonymous_3)
FN:39,(anonymous_4)
FN:48,(anonymous_5)
FNF:6
FNH:0
FNDA:0,(anonymous_0)
FNDA:0,(anonymous_1)
FNDA:0,(anonymous_2)
FNDA:0,(anonymous_3)
FNDA:0,(anonymous_4)
FNDA:0,(anonymous_5)
DA:1,2
DA:3,2
DA:8,0
DA:9,0
DA:10,0
DA:14,0
DA:15,0
DA:17,0
DA:18,0
DA:19,0
DA:23,0
DA:24,0
DA:25,0
DA:27,0
DA:31,0
DA:32,0
DA:33,0
DA:35,0
DA:40,0
DA:41,0
DA:42,0
DA:44,0
DA:49,0
DA:53,0
DA:54,0
DA:59,2
LF:26
LH:3
BRDA:24,0,0,0
BRDA:24,0,1,0
BRDA:32,1,0,0
BRDA:32,1,1,0
BRDA:41,2,0,0
BRDA:41,2,1,0
BRDA:53,3,0,0
BRDA:53,3,1,0
BRF:8
BRH:0
end_of_record
TN:
SF:models\volunteerModel.js
FN:4,(anonymous_0)
FN:10,(anonymous_1)
FN:15,(anonymous_2)
FN:18,(anonymous_3)
FN:35,(anonymous_4)
FN:44,(anonymous_5)
FN:48,(anonymous_6)
FN:51,(anonymous_7)
FN:61,(anonymous_8)
FNF:9
FNH:5
FNDA:5,(anonymous_0)
FNDA:0,(anonymous_1)
FNDA:0,(anonymous_2)
FNDA:5,(anonymous_3)
FNDA:6,(anonymous_4)
FNDA:0,(anonymous_5)
FNDA:0,(anonymous_6)
FNDA:1,(anonymous_7)
FNDA:1,(anonymous_8)
DA:1,1
DA:2,1
DA:5,5
DA:6,5
DA:7,5
DA:11,0
DA:12,0
DA:13,0
DA:15,0
DA:20,5
DA:21,3
DA:22,3
DA:23,2
DA:24,1
DA:25,1
DA:26,1
DA:28,0
DA:30,2
DA:31,0
DA:33,2
DA:34,2
DA:35,2
DA:36,6
DA:37,6
DA:38,6
DA:41,2
DA:45,0
DA:46,0
DA:48,0
DA:52,1
DA:53,1
DA:55,1
DA:56,0
DA:58,1
DA:62,1
DA:64,1
DA:68,1
LF:37
LH:27
BRDA:12,0,0,0
BRDA:12,0,1,0
BRDA:20,1,0,3
BRDA:20,1,1,2
BRDA:23,2,0,1
BRDA:23,2,1,1
BRDA:25,3,0,1
BRDA:25,3,1,0
BRDA:30,4,0,0
BRDA:30,4,1,2
BRDA:34,5,0,2
BRDA:34,5,1,0
BRDA:55,6,0,0
BRDA:55,6,1,1
BRF:14
BRH:8
end_of_record
TN:
SF:routes\accountRoute.js
FNF:0
FNH:0
DA:1,1
DA:3,1
DA:5,1
DA:7,1
DA:8,1
DA:9,1
DA:10,1
DA:12,1
DA:13,1
DA:14,1
DA:16,1
LF:11
LH:11
BRF:0
BRH:0
end_of_record
TN:
SF:routes\postRoutes.js
FNF:0
FNH:0
DA:1,1
DA:4,1
DA:5,1
DA:8,1
DA:10,1
DA:11,1
DA:12,1
DA:13,1
DA:14,1
DA:15,1
DA:16,1
DA:18,1
LF:12
LH:12
BRF:0
BRH:0
end_of_record
TN:
SF:routes\volunteerRoute.js
FNF:0
FNH:0
DA:1,1
DA:3,1
DA:5,1
DA:7,1
DA:8,1
DA:9,1
DA:10,1
DA:11,1
DA:14,1
LF:9
LH:9
BRF:0
BRH:0
end_of_record
